; Listado de orden para compresión sólida
;
; Aqui puede modificar la lista que usa RAR para ordenar los ficheros
; a un archivo sólido.
;
; Esta lista puede contener nombres de ficheros, comodines o una entrada 
; especial, $default, que define la posición de los ficheros no definidos
; en la lista. Las lineas que empiezan con el simbolo del punto y coma ';'
; se consideran comentarios y no son procesadas.
;
; Este fichero debe estar en la misma carpeta que RAR.EXE.
;
; Consejos para aumentar la compresión y su velocidad:
;
; - los ficheros que contengan tipos similares de información deben agruparse
;   en el archivo siempre que sea posible;
; - los ficheros a los que se accede mas frequentemente deben especificarse
;   al principio de la lista.
;
file_id.diz
descript.ion
read.*
readme.*
*.nfo
*.doc
*.txt
*.htm
*.html
*.shtml
*.css
*.xsl
*.xml
*.js
*.php
*.lst
*.log
*.ini
*.bat
*.cmd
*.h
*.hpp
*.c
*.cpp
*.java
*.asm
*.bas
*.bak
*.cue
*.rtf
*.hlp
*.inf
*.com
*.exe
*.dll
*.obj
*.lib
*.sys
*.drv
*.bin
*.bmp
*.wav
$default
*.mp3
*.mp4
*.m4a
*.mov
*.avi
*.wmv
*.wma
*.gif
*.tif
*.png
*.jpg
*.chm
*.pdf
*.cab
*.7z
*.arj
*.ha
*.lzh
*.rar
*.zip
*.gz
*.bz2
*.xz
*.jar
*.fla
*.flac
*.ape
*.bik
*.mkv
